2014/09/16 05:24:05 [error] [system.db.CDbCommand] Error in preparing SQL: CREATE TABLE 'tbl_project' (
	"id" integer PRIMARY KEY AUTOINCREMENT NOT NULL,
	"name" varchar(255) NOT NULL,
	"description" text NOT NULL,
	"create_time" datetime DEFAULT NULL,
	"create_user_id" int(11) DEFAULT NULL,
	"update_time" datetime DEFAULT NULL,
	"update_user_id" int(11) DEFAULT NULL
) ENGINE=InnoDB
2014/09/16 05:24:05 [error] [system.db.CDbCommand] CDbCommand::execute() failed: CDbCommand failed to prepare the SQL statement: SQLSTATE[HY000]: General error: 1 near "ENGINE": syntax error. The SQL statement executed was: CREATE TABLE 'tbl_project' (
	"id" integer PRIMARY KEY AUTOINCREMENT NOT NULL,
	"name" varchar(255) NOT NULL,
	"description" text NOT NULL,
	"create_time" datetime DEFAULT NULL,
	"create_user_id" int(11) DEFAULT NULL,
	"update_time" datetime DEFAULT NULL,
	"update_user_id" int(11) DEFAULT NULL
) ENGINE=InnoDB.
2014/09/16 05:24:05 [error] [exception.CDbException] exception 'CDbException' with message 'CDbCommand failed to execute the SQL statement: CDbCommand failed to prepare the SQL statement: SQLSTATE[HY000]: General error: 1 near "ENGINE": syntax error. The SQL statement executed was: CREATE TABLE 'tbl_project' (
	"id" integer PRIMARY KEY AUTOINCREMENT NOT NULL,
	"name" varchar(255) NOT NULL,
	"description" text NOT NULL,
	"create_time" datetime DEFAULT NULL,
	"create_user_id" int(11) DEFAULT NULL,
	"update_time" datetime DEFAULT NULL,
	"update_user_id" int(11) DEFAULT NULL
) ENGINE=InnoDB' in D:\yii-1.1.15\framework\db\CDbCommand.php:358
Stack trace:
#0 D:\yii-1.1.15\framework\db\CDbCommand.php(1324): CDbCommand->execute()
#1 D:\yii-1.1.15\framework\db\CDbMigration.php(233): CDbCommand->createTable('tbl_project', Array, 'ENGINE=InnoDB')
#2 D:\xampp\htdocs\trackstar\protected\migrations\m140916_032329_create_project_table.php(15): CDbMigration->createTable('tbl_project', Array, 'ENGINE=InnoDB')
#3 D:\yii-1.1.15\framework\cli\commands\MigrateCommand.php(385): m140916_032329_create_project_table->up()
#4 D:\yii-1.1.15\framework\cli\commands\MigrateCommand.php(109): MigrateCommand->migrateUp('m140916_032329_...')
#5 [internal function]: MigrateCommand->actionUp(Array)
#6 D:\yii-1.1.15\framework\console\CConsoleCommand.php(172): ReflectionMethod->invokeArgs(Object(MigrateCommand), Array)
#7 D:\yii-1.1.15\framework\console\CConsoleCommandRunner.php(71): CConsoleCommand->run(Array)
#8 D:\yii-1.1.15\framework\console\CConsoleApplication.php(92): CConsoleCommandRunner->run(Array)
#9 D:\yii-1.1.15\framework\base\CApplication.php(180): CConsoleApplication->processRequest()
#10 D:\yii-1.1.15\framework\yiic.php(33): CApplication->run()
#11 D:\xampp\htdocs\trackstar\protected\yiic.php(7): require_once('D:\yii-1.1.15\f...')
#12 {main}
---
2014/09/16 05:24:31 [error] [system.db.CDbCommand] CDbCommand::fetchAll() failed: SQLSTATE[42S02]: Base table or view not found: 1146 Table 'trackstar.tbl_migration' doesn't exist. The SQL statement executed was: SHOW FULL COLUMNS FROM `tbl_migration`.
2014/09/16 05:26:53 [error] [system.db.CDbCommand] CDbCommand::fetchAll() failed: SQLSTATE[42S02]: Base table or view not found: 1146 Table 'trackstar.project' doesn't exist. The SQL statement executed was: SHOW FULL COLUMNS FROM `project`.
in D:\xampp\htdocs\trackstar\index.php (13)
2014/09/16 05:27:18 [error] [system.db.CDbCommand] CDbCommand::fetchAll() failed: SQLSTATE[42S02]: Base table or view not found: 1146 Table 'trackstar.project' doesn't exist. The SQL statement executed was: SHOW FULL COLUMNS FROM `project`.
in D:\xampp\htdocs\trackstar\index.php (13)
2014/09/16 05:50:17 [error] [exception.CHttpException.403] exception 'CHttpException' with message 'You are not authorized to perform this action.' in D:\yii-1.1.15\framework\web\auth\CAccessControlFilter.php:182
Stack trace:
#0 D:\yii-1.1.15\framework\web\auth\CAccessControlFilter.php(145): CAccessControlFilter->accessDenied(Object(CWebUser), 'You are not aut...')
#1 D:\yii-1.1.15\framework\web\filters\CFilter.php(38): CAccessControlFilter->preFilter(Object(CFilterChain))
#2 D:\yii-1.1.15\framework\web\CController.php(1145): CFilter->filter(Object(CFilterChain))
#3 D:\yii-1.1.15\framework\web\filters\CInlineFilter.php(58): CController->filterAccessControl(Object(CFilterChain))
#4 D:\yii-1.1.15\framework\web\filters\CFilterChain.php(130): CInlineFilter->filter(Object(CFilterChain))
#5 D:\yii-1.1.15\framework\web\CController.php(291): CFilterChain->run()
#6 D:\yii-1.1.15\framework\web\CController.php(265): CController->runActionWithFilters(Object(CInlineAction), Array)
#7 D:\yii-1.1.15\framework\web\CWebApplication.php(282): CController->run('admin')
#8 D:\yii-1.1.15\framework\web\CWebApplication.php(141): CWebApplication->runController('project/admin')
#9 D:\yii-1.1.15\framework\base\CApplication.php(180): CWebApplication->processRequest()
#10 D:\xampp\htdocs\trackstar\index.php(13): CApplication->run()
#11 {main}
REQUEST_URI=/trackstar/index.php?r=project/admin
HTTP_REFERER=http://localhost/trackstar/index.php?r=project/create
---
